INFO: Scrapy 2.4.1 started (bot: scraper_motor)
INFO: Versions: lxml 4.6.3.0, libxml2 2.9.5, cssselect 1.1.0, parsel 1.6.0, w3lib 1.22.0, Twisted 21.2.0, Python 3.7.4 (tags/v3.7.4:e09359112e, Jul  8 2019, 20:34:20) [MSC v.1916 64 bit (AMD64)], pyOpenSSL 20.0.1 (OpenSSL 1.1.1j  16 Feb 2021), cryptography 3.4.6, Platform Windows-10-10.0.19041-SP0
DEBUG: Using reactor: twisted.internet.selectreactor.SelectReactor
INFO: Overridden settings:
{'BOT_NAME': 'scraper_motor',
 'DOWNLOAD_DELAY': 1,
 'NEWSPIDER_MODULE': 'scraper_motor.spiders',
 'ROBOTSTXT_OBEY': True,
 'SPIDER_MODULES': ['scraper_motor.spiders']}
INFO: Telnet Password: 7fce61eac8d46d6e
INFO: Enabled extensions:
['scrapy.extensions.corestats.CoreStats',
 'scrapy.extensions.telnet.TelnetConsole',
 'scrapy.extensions.feedexport.FeedExporter',
 'scrapy.extensions.logstats.LogStats']
INFO: Enabled downloader middlewares:
['scrapy.downloadermiddlewares.robotstxt.RobotsTxtMiddleware',
 'scrapy.downloadermiddlewares.httpauth.HttpAuthMiddleware',
 'scrapy.downloadermiddlewares.downloadtimeout.DownloadTimeoutMiddleware',
 'scrapy.downloadermiddlewares.defaultheaders.DefaultHeadersMiddleware',
 'scrapy.downloadermiddlewares.useragent.UserAgentMiddleware',
 'scrapy.downloadermiddlewares.retry.RetryMiddleware',
 'scrapy.downloadermiddlewares.redirect.MetaRefreshMiddleware',
 'scrapy.downloadermiddlewares.httpcompression.HttpCompressionMiddleware',
 'scrapy.downloadermiddlewares.redirect.RedirectMiddleware',
 'scrapy.downloadermiddlewares.cookies.CookiesMiddleware',
 'scrapy.downloadermiddlewares.httpproxy.HttpProxyMiddleware',
 'scrapy.downloadermiddlewares.stats.DownloaderStats']
INFO: Enabled spider middlewares:
['scrapy.spidermiddlewares.httperror.HttpErrorMiddleware',
 'scrapy.spidermiddlewares.offsite.OffsiteMiddleware',
 'scrapy.spidermiddlewares.referer.RefererMiddleware',
 'scrapy.spidermiddlewares.urllength.UrlLengthMiddleware',
 'scrapy.spidermiddlewares.depth.DepthMiddleware']
INFO: Enabled item pipelines:
[]
INFO: Spider opened
INFO: Crawled 0 pages (at 0 pages/min), scraped 0 items (at 0 items/min)
INFO: Telnet console listening on 127.0.0.1:6023
ERROR: Error while obtaining start requests
Traceback (most recent call last):
  File "c:\python\python37\lib\site-packages\scrapy\core\engine.py", line 129, in _next_request
    request = next(slot.start_requests)
  File "D:\Develop\scrapy\big-commerce\scraper_motor\scraper_motor\spiders\category_glossary.py", line 33, in start_requests
    self.config = config()
  File "D:\Develop\scrapy\big-commerce\scraper_motor\scraper_motor\common.py", line 17, in config
    with open(f'{config_path}/config.yaml', mode='r') as f:
FileNotFoundError: [Errno 2] No such file or directory: '../../../config.yaml'
INFO: Closing spider (finished)
INFO: Dumping Scrapy stats:
{'elapsed_time_seconds': 0.003999,
 'finish_reason': 'finished',
 'finish_time': datetime.datetime(2021, 3, 30, 16, 47, 10, 805845),
 'log_count/ERROR': 1,
 'log_count/INFO': 10,
 'start_time': datetime.datetime(2021, 3, 30, 16, 47, 10, 801846)}
INFO: Spider closed (finished)
